ID: 1899kq0TIkmEXtdAmJpfLGWAaFd49v1GG, Name: Image (24).jpg, Error: Unable to find the server at www.googleapis.com
ID: 18lbBdQBfrvByanUhU4NP8DqlzMQpaZIs, Name: Image (23).jpg, Error: Unable to find the server at www.googleapis.com
ID: 1BZzI-jdJ--hOG93msFzszNlQyd4tOoUf, Name: Image (22).jpg, Error: Unable to find the server at www.googleapis.com
ID: 18NgXKIGaWyy2CtkzWerhWyXj12RoOONK, Name: Image (22).jpg, Error: Unable to find the server at www.googleapis.com
ID: 189KV5x0Kv2SWAN7_G6F7kkrhdKiXNTIu, Name: Image (21).jpg, Error: Unable to find the server at www.googleapis.com
ID: 19rLEzjlngRzTXp74f_Ms6KsXEuI926d2, Name: Image (20).jpg, Error: Unable to find the server at www.googleapis.com
ID: 1AW4uNVz2F9_bCWTqFN13bl16c8UmlfLN, Name: Image (19).jpg, Error: Unable to find the server at www.googleapis.com
ID: 19IDQkI5eN_lrYPWoOtdO3J3bzgTOGFBA, Name: Image (18).jpg, Error: Unable to find the server at www.googleapis.com
ID: 1BndUGtTfh-lmiM_B84aF5c3TFpzPJmIl, Name: Image (18).jpg, Error: Unable to find the server at www.googleapis.com
ID: 18f9YqmLN_8ncbl3OI9b3x3peGCIzXdFm, Name: Image (17).jpg, Error: Unable to find the server at www.googleapis.com
ID: 1BU-mJdlP9OSlInUR66BiNRiGDjV7ZYGT, Name: Image (17).jpg, Error: Unable to find the server at www.googleapis.com
ID: 1BRlcxilajHw1omr-mJDJs11G3PNFCPfU, Name: Image (16).jpg, Error: Unable to find the server at www.googleapis.com
ID: 1ASQTEEithQrObU4kjr2heNxp1z3-aXbe, Name: Image (16).jpg, Error: Unable to find the server at www.googleapis.com
ID: 18RubrifUB7ja8Cgdm1QT5N74j2zaawZm, Name: Image (15).jpg, Error: Unable to find the server at www.googleapis.com
ID: 1BfyuSbEMidpXiTk5koK4pa_sXWlIyS2X, Name: Image (15).jpg, Error: Unable to find the server at www.googleapis.com
ID: 1AvBgxo2kVCcq524AIqsCLhRZVj1cvt9E, Name: Image (14).jpg, Error: Unable to find the server at www.googleapis.com
ID: 19d21LpIC8O9nUEMjY8-GcC4LfVoU1ja4, Name: Image (14).jpg, Error: Unable to find the server at www.googleapis.com
ID: 1Bf8ePFGALLVBxBRYDJdTS-2NxaOctgBz, Name: Image (13).jpg, Error: Unable to find the server at www.googleapis.com
ID: 18jy6wzfVq4CRCU9SaK0x8XlFUo6CeoPr, Name: Image (13).jpg, Error: Unable to find the server at www.googleapis.com
ID: 1BNgkjR2VBjcryKf9vALj8tOMkggxOJuh, Name: Image (12).jpg, Error: Unable to find the server at www.googleapis.com
ID: 1ASSyontz5hinkWbaG7cPslYBZFHSr59D, Name: Image (12).jpg, Error: Unable to find the server at www.googleapis.com
ID: 19MPzwaBTvKkvjEdJVmPMvzIPpttsHwHP, Name: Image (11).jpg, Error: Unable to find the server at www.googleapis.com
ID: 19YY3WGh0U0VZw22n0HcvbDBuzX4fiELc, Name: Image (10).jpg, Error: Unable to find the server at www.googleapis.com
ID: 197Hf3qABxLo0eZgCEtSpjuR8Op2rKLiq, Name: Image (9).jpg, Error: Unable to find the server at www.googleapis.com
ID: 18ZkogTQtGu7AkWdaxDZoaU3VtDtWpdSn, Name: Image (8).jpg, Error: Unable to find the server at www.googleapis.com
ID: 18mDGSqUQC3eYKTZLiJ0vT6Vnf5mFd2Z8, Name: Image (7).jpg, Error: Unable to find the server at www.googleapis.com
ID: 1AO2kWB8xNvgwUXd72pX5Ko_HES_9t3VS, Name: Image (6).jpg, Error: Unable to find the server at www.googleapis.com
ID: 18GbSOSgsGb7eoyCRsLYu_QaRcNDOmL2c, Name: Image (5).jpg, Error: Unable to find the server at www.googleapis.com
ID: 1ANuOrH7AOwBd9FkY4EpscBobjh09FxAf, Name: Image (4).jpg, Error: Unable to find the server at www.googleapis.com
ID: 193_2kDjDyPp-UZq9sCFLqwwLojEWNlrU, Name: Image (3).jpg, Error: Unable to find the server at www.googleapis.com
ID: 18TnizVQNuLa8ujpn5ShUCVCR36cSC05i, Name: Image (2).jpg, Error: Unable to find the server at www.googleapis.com
ID: 18uUGoUhCDIUEz0fSmLZTTz8p-7_QzniP, Name: Image.jpg, Error: Unable to find the server at www.googleapis.com
ID: 1BmrD-3Cb4IROpyZvASMB0wmziroHIKT-, Name: Image.jpg, Error: Unable to find the server at www.googleapis.com
ID: 17PT7davqHCM12Aq6ChDKtjia6V6Mash5, Name: Image (71).jpg, Error: Unable to find the server at www.googleapis.com
ID: 179aqjMK9Lo3066xogyXz8MqPIVZ9ZZE4, Name: Image (70).jpg, Error: Unable to find the server at www.googleapis.com
ID: 17ntLpKkQMVDk2D0h5Qgegql52luUVE-n, Name: Image (69).jpg, Error: Unable to find the server at www.googleapis.com
ID: 179N397wVHMWg0q8QgV23fE-frw-bgjq7, Name: Image (68).jpg, Error: Unable to find the server at www.googleapis.com
ID: 17bn0_L-IUyDJaGaNrFyP3wSbobTG9BDd, Name: Image (67).jpg, Error: Unable to find the server at www.googleapis.com
ID: 17KYiVsaVKSG9WqUez5lG5DGJwS56UyBP, Name: Image (66).jpg, Error: Unable to find the server at www.googleapis.com
